This file contains any messages produced by compilers while
running configure, to aid debugging if configure makes a mistake.

It was created by libsigc++ configure 2.2.3, which was
generated by GNU Autoconf 2.62.  Invocation command line was

  $ ./configure --prefix=/opt/devkitpro/libsigc++-2.2.3

## --------- ##
## Platform. ##
## --------- ##

hostname = Zaphod
uname -m = x86_64
uname -r = 2.6.28-15-generic
uname -s = Linux
uname -v = #49-Ubuntu SMP Tue Aug 18 19:25:34 UTC 2009

/usr/bin/uname -p = unknown
/bin/uname -X     = unknown

/bin/arch              = unknown
/usr/bin/arch -k       = unknown
/usr/convex/getsysinfo = unknown
/usr/bin/hostinfo      = unknown
/bin/machine           = unknown
/usr/bin/oslevel       = unknown
/bin/universe          = unknown

PATH: /home/tob/bin
PATH: /usr/local/sbin
PATH: /usr/local/bin
PATH: /usr/sbin
PATH: /usr/bin
PATH: /sbin
PATH: /bin
PATH: /usr/games
PATH: /home/tob/coding/work/fire/bin/x86_64
PATH: /home/tob/coding/work/loglin/bin/x86_64
PATH: /opt/fasm
PATH: /usr/local/cuda/bin
PATH: /opt/devkitpro/devkitARM/bin/
PATH: /opt/devkitpro/devkitPPC/bin/
PATH: /opt/matlab/bin
PATH: /home/tob/src/MaxEnt
PATH: /home/tob/datamining/dmctools/prepro/
PATH: /home/tob/bin


## ----------- ##
## Core tests. ##
## ----------- ##

configure:2145: checking for a BSD-compatible install
configure:2213: result: /usr/bin/install -c
configure:2224: checking whether build environment is sane
configure:2267: result: yes
configure:2292: checking for a thread-safe mkdir -p
configure:2331: result: /bin/mkdir -p
configure:2344: checking for gawk
configure:2360: found /usr/bin/gawk
configure:2371: result: gawk
configure:2382: checking whether make sets $(MAKE)
configure:2404: result: yes
configure:2587: checking how to create a ustar tar archive
configure:2600: tar --version
tar (GNU tar) 1.20
Copyright (C) 2008 Free Software Foundation, Inc.
License GPLv3+: GNU GPL version 3 or later <http://gnu.org/licenses/gpl.html>
This is free software: you are free to change and redistribute it.
There is NO WARRANTY, to the extent permitted by law.

Written by John Gilmore and Jay Fenlason.
configure:2603: $? = 0
configure:2643: tardir=conftest.dir && eval tar --format=ustar -chf - "$tardir" >conftest.tar
configure:2646: $? = 0
configure:2650: tar -xf - <conftest.tar
configure:2653: $? = 0
configure:2666: result: gnutar
configure:2683: checking build system type
configure:2701: result: x86_64-unknown-linux-gnu
configure:2723: checking host system type
configure:2738: result: x86_64-unknown-linux-gnu
configure:2772: checking for gm4
configure:2802: result: no
configure:2772: checking for m4
configure:2788: found /usr/bin/m4
configure:2799: result: m4
configure:2816: checking for perl
configure:2834: found /usr/bin/perl
configure:2846: result: /usr/bin/perl
configure:2862: checking whether to enable maintainer-specific portions of Makefiles
configure:2871: result: no
configure:2933: checking for gcc
configure:2949: found /usr/bin/gcc
configure:2960: result: gcc
configure:3198: checking for C compiler version
configure:3206: gcc --version >&5
gcc (Ubuntu 4.3.3-5ubuntu4) 4.3.3
Copyright (C) 2008 Free Software Foundation, Inc.
This is free software; see the source for copying conditions.  There is NO
warranty; not even for MERCHANTABILITY or FITNESS FOR A PARTICULAR PURPOSE.

configure:3210: $? = 0
configure:3217: gcc -v >&5
Using built-in specs.
Target: x86_64-linux-gnu
Configured with: ../src/configure -v --with-pkgversion='Ubuntu 4.3.3-5ubuntu4' --with-bugurl=file:///usr/share/doc/gcc-4.3/README.Bugs --enable-languages=c,c++,fortran,objc,obj-c++ --prefix=/usr --enable-shared --with-system-zlib --libexecdir=/usr/lib --without-included-gettext --enable-threads=posix --enable-nls --with-gxx-include-dir=/usr/include/c++/4.3 --program-suffix=-4.3 --enable-clocale=gnu --enable-libstdcxx-debug --enable-objc-gc --enable-mpfr --with-tune=generic --enable-checking=release --build=x86_64-linux-gnu --host=x86_64-linux-gnu --target=x86_64-linux-gnu
Thread model: posix
gcc version 4.3.3 (Ubuntu 4.3.3-5ubuntu4) 
configure:3221: $? = 0
configure:3228: gcc -V >&5
gcc: '-V' option must have argument
configure:3232: $? = 1
configure:3255: checking for C compiler default output file name
configure:3277: gcc    conftest.c  >&5
configure:3281: $? = 0
configure:3319: result: a.out
configure:3336: checking whether the C compiler works
configure:3346: ./a.out
configure:3350: $? = 0
configure:3367: result: yes
configure:3374: checking whether we are cross compiling
configure:3376: result: no
configure:3379: checking for suffix of executables
configure:3386: gcc -o conftest    conftest.c  >&5
configure:3390: $? = 0
configure:3414: result: 
configure:3420: checking for suffix of object files
configure:3446: gcc -c   conftest.c >&5
configure:3450: $? = 0
configure:3473: result: o
configure:3477: checking whether we are using the GNU C compiler
configure:3506: gcc -c   conftest.c >&5
configure:3513: $? = 0
configure:3530: result: yes
configure:3539: checking whether gcc accepts -g
configure:3569: gcc -c -g  conftest.c >&5
configure:3576: $? = 0
configure:3677: result: yes
configure:3694: checking for gcc option to accept ISO C89
configure:3768: gcc  -c -g -O2  conftest.c >&5
configure:3775: $? = 0
configure:3798: result: none needed
configure:3827: checking for style of include used by make
configure:3855: result: GNU
configure:3880: checking dependency style of gcc
configure:3971: result: gcc3
configure:3991: checking how to run the C preprocessor
configure:4031: gcc -E  conftest.c
configure:4038: $? = 0
configure:4069: gcc -E  conftest.c
conftest.c:13:28: error: ac_nonexistent.h: No such file or directory
configure:4076: $? = 1
configure: failed program was:
| /* confdefs.h.  */
| #define PACKAGE_NAME "libsigc++"
| #define PACKAGE_TARNAME "libsigc++"
| #define PACKAGE_VERSION "2.2.3"
| #define PACKAGE_STRING "libsigc++ 2.2.3"
| #define PACKAGE_BUGREPORT "libsigc-list@gnome.org"
| #define FP_MAJOR_VERSION 2
| #define FP_MINOR_VERSION 2
| #define FP_MICRO_VERSION 3
| #define PACKAGE "libsigc++"
| #define VERSION "2.2.3"
| /* end confdefs.h.  */
| #include <ac_nonexistent.h>
configure:4109: result: gcc -E
configure:4138: gcc -E  conftest.c
configure:4145: $? = 0
configure:4176: gcc -E  conftest.c
conftest.c:13:28: error: ac_nonexistent.h: No such file or directory
configure:4183: $? = 1
configure: failed program was:
| /* confdefs.h.  */
| #define PACKAGE_NAME "libsigc++"
| #define PACKAGE_TARNAME "libsigc++"
| #define PACKAGE_VERSION "2.2.3"
| #define PACKAGE_STRING "libsigc++ 2.2.3"
| #define PACKAGE_BUGREPORT "libsigc-list@gnome.org"
| #define FP_MAJOR_VERSION 2
| #define FP_MINOR_VERSION 2
| #define FP_MICRO_VERSION 3
| #define PACKAGE "libsigc++"
| #define VERSION "2.2.3"
| /* end confdefs.h.  */
| #include <ac_nonexistent.h>
configure:4221: checking for some Win32 platform
configure:4231: result: no
configure:4317: checking for a sed that does not truncate output
configure:4373: result: /bin/sed
configure:4376: checking for grep that handles long lines and -e
configure:4436: result: /bin/grep
configure:4441: checking for egrep
configure:4505: result: /bin/grep -E
configure:4521: checking for ld used by gcc
configure:4588: result: /usr/bin/ld
configure:4597: checking if the linker (/usr/bin/ld) is GNU ld
configure:4612: result: yes
configure:4617: checking for /usr/bin/ld option to reload object files
configure:4624: result: -r
configure:4642: checking for BSD-compatible nm
configure:4691: result: /usr/bin/nm -B
configure:4695: checking whether ln -s works
configure:4699: result: yes
configure:4706: checking how to recognize dependent libraries
configure:4892: result: pass_all
configure:4980: gcc -c -g -O2  conftest.c >&5
configure:4983: $? = 0
configure:5427: checking for ANSI C header files
configure:5457: gcc -c -g -O2  conftest.c >&5
configure:5464: $? = 0
configure:5563: gcc -o conftest -g -O2   conftest.c  >&5
configure:5567: $? = 0
configure:5573: ./conftest
configure:5577: $? = 0
configure:5595: result: yes
configure:5619: checking for sys/types.h
configure:5640: gcc -c -g -O2  conftest.c >&5
configure:5647: $? = 0
configure:5664: result: yes
configure:5619: checking for sys/stat.h
configure:5640: gcc -c -g -O2  conftest.c >&5
configure:5647: $? = 0
configure:5664: result: yes
configure:5619: checking for stdlib.h
configure:5640: gcc -c -g -O2  conftest.c >&5
configure:5647: $? = 0
configure:5664: result: yes
configure:5619: checking for string.h
configure:5640: gcc -c -g -O2  conftest.c >&5
configure:5647: $? = 0
configure:5664: result: yes
configure:5619: checking for memory.h
configure:5640: gcc -c -g -O2  conftest.c >&5
configure:5647: $? = 0
configure:5664: result: yes
configure:5619: checking for strings.h
configure:5640: gcc -c -g -O2  conftest.c >&5
configure:5647: $? = 0
configure:5664: result: yes
configure:5619: checking for inttypes.h
configure:5640: gcc -c -g -O2  conftest.c >&5
configure:5647: $? = 0
configure:5664: result: yes
configure:5619: checking for stdint.h
configure:5640: gcc -c -g -O2  conftest.c >&5
configure:5647: $? = 0
configure:5664: result: yes
configure:5619: checking for unistd.h
configure:5640: gcc -c -g -O2  conftest.c >&5
configure:5647: $? = 0
configure:5664: result: yes
configure:5693: checking dlfcn.h usability
configure:5710: gcc -c -g -O2  conftest.c >&5
configure:5717: $? = 0
configure:5731: result: yes
configure:5735: checking dlfcn.h presence
configure:5750: gcc -E  conftest.c
configure:5757: $? = 0
configure:5771: result: yes
configure:5804: checking for dlfcn.h
configure:5813: result: yes
configure:5885: checking for g++
configure:5901: found /usr/bin/g++
configure:5912: result: g++
configure:5943: checking for C++ compiler version
configure:5951: g++ --version >&5
g++ (Ubuntu 4.3.3-5ubuntu4) 4.3.3
Copyright (C) 2008 Free Software Foundation, Inc.
This is free software; see the source for copying conditions.  There is NO
warranty; not even for MERCHANTABILITY or FITNESS FOR A PARTICULAR PURPOSE.

configure:5955: $? = 0
configure:5962: g++ -v >&5
Using built-in specs.
Target: x86_64-linux-gnu
Configured with: ../src/configure -v --with-pkgversion='Ubuntu 4.3.3-5ubuntu4' --with-bugurl=file:///usr/share/doc/gcc-4.3/README.Bugs --enable-languages=c,c++,fortran,objc,obj-c++ --prefix=/usr --enable-shared --with-system-zlib --libexecdir=/usr/lib --without-included-gettext --enable-threads=posix --enable-nls --with-gxx-include-dir=/usr/include/c++/4.3 --program-suffix=-4.3 --enable-clocale=gnu --enable-libstdcxx-debug --enable-objc-gc --enable-mpfr --with-tune=generic --enable-checking=release --build=x86_64-linux-gnu --host=x86_64-linux-gnu --target=x86_64-linux-gnu
Thread model: posix
gcc version 4.3.3 (Ubuntu 4.3.3-5ubuntu4) 
configure:5966: $? = 0
configure:5973: g++ -V >&5
g++: '-V' option must have argument
configure:5977: $? = 1
configure:5980: checking whether we are using the GNU C++ compiler
configure:6009: g++ -c   conftest.cpp >&5
configure:6016: $? = 0
configure:6033: result: yes
configure:6042: checking whether g++ accepts -g
configure:6072: g++ -c -g  conftest.cpp >&5
configure:6079: $? = 0
configure:6180: result: yes
configure:6205: checking dependency style of g++
configure:6296: result: gcc3
configure:6321: checking how to run the C++ preprocessor
configure:6357: g++ -E  conftest.cpp
configure:6364: $? = 0
configure:6395: g++ -E  conftest.cpp
conftest.cpp:24:28: error: ac_nonexistent.h: No such file or directory
configure:6402: $? = 1
configure: failed program was:
| /* confdefs.h.  */
| #define PACKAGE_NAME "libsigc++"
| #define PACKAGE_TARNAME "libsigc++"
| #define PACKAGE_VERSION "2.2.3"
| #define PACKAGE_STRING "libsigc++ 2.2.3"
| #define PACKAGE_BUGREPORT "libsigc-list@gnome.org"
| #define FP_MAJOR_VERSION 2
| #define FP_MINOR_VERSION 2
| #define FP_MICRO_VERSION 3
| #define PACKAGE "libsigc++"
| #define VERSION "2.2.3"
| #define STDC_HEADERS 1
| #define HAVE_SYS_TYPES_H 1
| #define HAVE_SYS_STAT_H 1
| #define HAVE_STDLIB_H 1
| #define HAVE_STRING_H 1
| #define HAVE_MEMORY_H 1
| #define HAVE_STRINGS_H 1
| #define HAVE_INTTYPES_H 1
| #define HAVE_STDINT_H 1
| #define HAVE_UNISTD_H 1
| #define HAVE_DLFCN_H 1
| /* end confdefs.h.  */
| #include <ac_nonexistent.h>
configure:6435: result: g++ -E
configure:6464: g++ -E  conftest.cpp
configure:6471: $? = 0
configure:6502: g++ -E  conftest.cpp
conftest.cpp:24:28: error: ac_nonexistent.h: No such file or directory
configure:6509: $? = 1
configure: failed program was:
| /* confdefs.h.  */
| #define PACKAGE_NAME "libsigc++"
| #define PACKAGE_TARNAME "libsigc++"
| #define PACKAGE_VERSION "2.2.3"
| #define PACKAGE_STRING "libsigc++ 2.2.3"
| #define PACKAGE_BUGREPORT "libsigc-list@gnome.org"
| #define FP_MAJOR_VERSION 2
| #define FP_MINOR_VERSION 2
| #define FP_MICRO_VERSION 3
| #define PACKAGE "libsigc++"
| #define VERSION "2.2.3"
| #define STDC_HEADERS 1
| #define HAVE_SYS_TYPES_H 1
| #define HAVE_SYS_STAT_H 1
| #define HAVE_STDLIB_H 1
| #define HAVE_STRING_H 1
| #define HAVE_MEMORY_H 1
| #define HAVE_STRINGS_H 1
| #define HAVE_INTTYPES_H 1
| #define HAVE_STDINT_H 1
| #define HAVE_UNISTD_H 1
| #define HAVE_DLFCN_H 1
| /* end confdefs.h.  */
| #include <ac_nonexistent.h>
configure:6602: checking for g77
configure:6632: result: no
configure:6602: checking for xlf
configure:6632: result: no
configure:6602: checking for f77
configure:6632: result: no
configure:6602: checking for frt
configure:6632: result: no
configure:6602: checking for pgf77
configure:6632: result: no
configure:6602: checking for cf77
configure:6632: result: no
configure:6602: checking for fort77
configure:6632: result: no
configure:6602: checking for fl32
configure:6632: result: no
configure:6602: checking for af77
configure:6632: result: no
configure:6602: checking for xlf90
configure:6632: result: no
configure:6602: checking for f90
configure:6632: result: no
configure:6602: checking for pgf90
configure:6632: result: no
configure:6602: checking for pghpf
configure:6632: result: no
configure:6602: checking for epcf90
configure:6632: result: no
configure:6602: checking for gfortran
configure:6632: result: no
configure:6602: checking for g95
configure:6632: result: no
configure:6602: checking for xlf95
configure:6632: result: no
configure:6602: checking for f95
configure:6632: result: no
configure:6602: checking for fort
configure:6632: result: no
configure:6602: checking for ifort
configure:6632: result: no
configure:6602: checking for ifc
configure:6632: result: no
configure:6602: checking for efc
configure:6632: result: no
configure:6602: checking for pgf95
configure:6632: result: no
configure:6602: checking for lf95
configure:6632: result: no
configure:6602: checking for ftn
configure:6632: result: no
configure:6659: checking for Fortran 77 compiler version
configure:6667:  --version >&5
./configure: line 6669: --version: command not found
configure:6671: $? = 127
configure:6678:  -v >&5
./configure: line 6680: -v: command not found
configure:6682: $? = 127
configure:6689:  -V >&5
./configure: line 6691: -V: command not found
configure:6693: $? = 127
configure:6701: checking whether we are using the GNU Fortran 77 compiler
configure:6720:  -c  conftest.F >&5
./configure: line 6722: -c: command not found
configure:6727: $? = 127
configure: failed program was:
|       program main
| #ifndef __GNUC__
|        choke me
| #endif
| 
|       end
configure:6744: result: no
configure:6750: checking whether  accepts -g
configure:6767:  -c -g conftest.f >&5
./configure: line 6769: -c: command not found
configure:6774: $? = 127
configure: failed program was:
|       program main
| 
|       end
configure:6790: result: no
configure:6823: checking the maximum length of command line arguments
configure:6935: result: 1572864
configure:6947: checking command to parse /usr/bin/nm -B output from gcc object
configure:7052: gcc -c -g -O2  conftest.c >&5
configure:7055: $? = 0
configure:7059: /usr/bin/nm -B conftest.o \| sed -n -e 's/^.*[ 	]\([ABCDGIRSTW][ABCDGIRSTW]*\)[ 	][ 	]*\([_A-Za-z][_A-Za-z0-9]*\)$/\1 \2 \2/p' \> conftest.nm
configure:7062: $? = 0
configure:7114: gcc -o conftest -g -O2   conftest.c conftstm.o >&5
configure:7117: $? = 0
configure:7155: result: ok
configure:7159: checking for objdir
configure:7174: result: .libs
configure:7266: checking for ar
configure:7282: found /usr/bin/ar
configure:7293: result: ar
configure:7362: checking for ranlib
configure:7378: found /usr/bin/ranlib
configure:7389: result: ranlib
configure:7458: checking for strip
configure:7474: found /usr/bin/strip
configure:7485: result: strip
configure:8087: checking if gcc supports -fno-rtti -fno-exceptions
configure:8105: gcc -c -g -O2  -fno-rtti -fno-exceptions conftest.c >&5
cc1: warning: command line option "-fno-rtti" is valid for C++/ObjC++ but not for C
configure:8109: $? = 0
configure:8122: result: no
configure:8137: checking for gcc option to produce PIC
configure:8369: result: -fPIC
configure:8377: checking if gcc PIC flag -fPIC works
configure:8395: gcc -c -g -O2  -fPIC -DPIC conftest.c >&5
configure:8399: $? = 0
configure:8412: result: yes
configure:8440: checking if gcc static flag -static works
configure:8468: result: yes
configure:8478: checking if gcc supports -c -o file.o
configure:8499: gcc -c -g -O2  -o out/conftest2.o conftest.c >&5
configure:8503: $? = 0
configure:8525: result: yes
configure:8551: checking whether the gcc linker (/usr/bin/ld -m elf_x86_64) supports shared libraries
configure:9539: result: yes
configure:9560: checking whether -lc should be explicitly linked in
configure:9565: gcc -c -g -O2  conftest.c >&5
configure:9568: $? = 0
configure:9583: gcc -shared conftest.o  -v -Wl,-soname -Wl,conftest -o conftest 2\>\&1 \| grep  -lc  \>/dev/null 2\>\&1
configure:9586: $? = 0
configure:9598: result: no
configure:9606: checking dynamic linker characteristics
configure:10210: result: GNU/Linux ld.so
configure:10234: checking how to hardcode library paths into programs
configure:10259: result: immediate
configure:10273: checking whether stripping libraries is possible
configure:10278: result: yes
configure:11108: checking if libtool supports shared libraries
configure:11110: result: yes
configure:11113: checking whether to build shared libraries
configure:11134: result: yes
configure:11137: checking whether to build static libraries
configure:11141: result: yes
configure:11235: creating libtool
configure:11828: checking for ld used by g++
configure:11895: result: /usr/bin/ld -m elf_x86_64
configure:11904: checking if the linker (/usr/bin/ld -m elf_x86_64) is GNU ld
configure:11919: result: yes
configure:11970: checking whether the g++ linker (/usr/bin/ld -m elf_x86_64) supports shared libraries
configure:12924: result: yes
configure:12941: g++ -c -g -O2  conftest.cpp >&5
configure:12944: $? = 0
configure:13100: checking for g++ option to produce PIC
configure:13384: result: -fPIC
configure:13392: checking if g++ PIC flag -fPIC works
configure:13410: g++ -c -g -O2  -fPIC -DPIC conftest.cpp >&5
configure:13414: $? = 0
configure:13427: result: yes
configure:13455: checking if g++ static flag -static works
configure:13483: result: yes
configure:13493: checking if g++ supports -c -o file.o
configure:13514: g++ -c -g -O2  -o out/conftest2.o conftest.cpp >&5
configure:13518: $? = 0
configure:13540: result: yes
configure:13566: checking whether the g++ linker (/usr/bin/ld -m elf_x86_64) supports shared libraries
configure:13592: result: yes
configure:13659: checking dynamic linker characteristics
configure:14211: result: GNU/Linux ld.so
configure:14235: checking how to hardcode library paths into programs
configure:14260: result: immediate
configure:20618: checking for C++ compiler version
configure:20626: g++ --version >&5
g++ (Ubuntu 4.3.3-5ubuntu4) 4.3.3
Copyright (C) 2008 Free Software Foundation, Inc.
This is free software; see the source for copying conditions.  There is NO
warranty; not even for MERCHANTABILITY or FITNESS FOR A PARTICULAR PURPOSE.

configure:20630: $? = 0
configure:20637: g++ -v >&5
Using built-in specs.
Target: x86_64-linux-gnu
Configured with: ../src/configure -v --with-pkgversion='Ubuntu 4.3.3-5ubuntu4' --with-bugurl=file:///usr/share/doc/gcc-4.3/README.Bugs --enable-languages=c,c++,fortran,objc,obj-c++ --prefix=/usr --enable-shared --with-system-zlib --libexecdir=/usr/lib --without-included-gettext --enable-threads=posix --enable-nls --with-gxx-include-dir=/usr/include/c++/4.3 --program-suffix=-4.3 --enable-clocale=gnu --enable-libstdcxx-debug --enable-objc-gc --enable-mpfr --with-tune=generic --enable-checking=release --build=x86_64-linux-gnu --host=x86_64-linux-gnu --target=x86_64-linux-gnu
Thread model: posix
gcc version 4.3.3 (Ubuntu 4.3.3-5ubuntu4) 
configure:20641: $? = 0
configure:20648: g++ -V >&5
g++: '-V' option must have argument
configure:20652: $? = 1
configure:20655: checking whether we are using the GNU C++ compiler
configure:20708: result: yes
configure:20717: checking whether g++ accepts -g
configure:20855: result: yes
configure:20880: checking dependency style of g++
configure:20971: result: gcc3
configure:20994: checking if C++ compiler supports the use of a particular specialization when calling operator() template methods.
configure:21048: g++ -c -g -O2  conftest.cpp >&5
configure:21055: $? = 0
configure:21067: result: yes
configure:21084: checking if C++ compiler supports the use of a particular specialization when calling operator() template methods omitting the template keyword.
configure:21138: g++ -c -g -O2  conftest.cpp >&5
configure:21145: $? = 0
configure:21157: result: yes
configure:21174: checking if C++ compiler allows usage of member function in initialization of static member field.
configure:21207: g++ -c -g -O2  conftest.cpp >&5
configure:21214: $? = 0
configure:21226: result: yes
configure:21243: checking whether C++ library symbols are declared in namespace std
configure:21283: g++ -c -g -O2  conftest.cpp >&5
configure:21290: $? = 0
configure:21307: result: yes
configure:21323: checking for non-standard Sun libCstd reverse_iterator
configure:21357: g++ -c -g -O2  conftest.cpp >&5
conftest.cpp: In function 'int main()':
conftest.cpp:38: error: wrong number of template arguments (6, should be 1)
/usr/include/c++/4.3/bits/stl_iterator.h:95: error: provided for 'template<class _Iterator> class std::reverse_iterator'
conftest.cpp:38: error: invalid type in declaration before ';' token
configure:21364: $? = 1
configure: failed program was:
| /* confdefs.h.  */
| #define PACKAGE_NAME "libsigc++"
| #define PACKAGE_TARNAME "libsigc++"
| #define PACKAGE_VERSION "2.2.3"
| #define PACKAGE_STRING "libsigc++ 2.2.3"
| #define PACKAGE_BUGREPORT "libsigc-list@gnome.org"
| #define FP_MAJOR_VERSION 2
| #define FP_MINOR_VERSION 2
| #define FP_MICRO_VERSION 3
| #define PACKAGE "libsigc++"
| #define VERSION "2.2.3"
| #define STDC_HEADERS 1
| #define HAVE_SYS_TYPES_H 1
| #define HAVE_SYS_STAT_H 1
| #define HAVE_STDLIB_H 1
| #define HAVE_STRING_H 1
| #define HAVE_MEMORY_H 1
| #define HAVE_STRINGS_H 1
| #define HAVE_INTTYPES_H 1
| #define HAVE_STDINT_H 1
| #define HAVE_UNISTD_H 1
| #define HAVE_DLFCN_H 1
| #define SIGC_GCC_TEMPLATE_SPECIALIZATION_OPERATOR_OVERLOAD 1
| #define SIGC_MSVC_TEMPLATE_SPECIALIZATION_OPERATOR_OVERLOAD 1
| #define SIGC_SELF_REFERENCE_IN_MEMBER_INITIALIZATION 1
| #define SIGC_HAVE_NAMESPACE_STD 1
| /* end confdefs.h.  */
| 
|       #include <iterator>
|       #ifdef SIGC_HAVE_NAMESPACE_STD
|       using namespace std;
|       #endif
| 
| int
| main ()
| {
| 
|       typedef reverse_iterator<char*,random_access_iterator_tag,char,char&,char*,int> ReverseIter;
| 
|   ;
|   return 0;
| }
configure:21381: result: no
configure:21554: creating ./config.status

## ---------------------- ##
## Running config.status. ##
## ---------------------- ##

This file was extended by libsigc++ config.status 2.2.3, which was
generated by GNU Autoconf 2.62.  Invocation command line was

  CONFIG_FILES    = 
  CONFIG_HEADERS  = 
  CONFIG_LINKS    = 
  CONFIG_COMMANDS = 
  $ ./config.status 

on Zaphod

config.status:832: creating Makefile
config.status:832: creating sigc++-2.0.pc
config.status:832: creating sigc++/Makefile
config.status:832: creating scripts/Makefile
config.status:832: creating tests/Makefile
config.status:832: creating examples/Makefile
config.status:832: creating MSVC_Net2005/Makefile
config.status:832: creating MSVC_Net2005/sigc-2.0.rc
config.status:832: creating MSVC_Net2008/Makefile
config.status:832: creating MSVC_Net2008/sigc-2.0.rc
config.status:832: creating libsigc++-2.0.spec
config.status:832: creating docs/Makefile
config.status:832: creating docs/manual/Makefile
config.status:832: creating docs/images/Makefile
config.status:832: creating docs/reference/Makefile
config.status:832: creating docs/reference/Doxyfile
config.status:832: creating sigc++config.h
config.status:1054: sigc++config.h is unchanged
config.status:1106: executing depfiles commands

## ---------------- ##
## Cache variables. ##
## ---------------- ##

ac_cv_build=x86_64-unknown-linux-gnu
ac_cv_c_compiler_gnu=yes
ac_cv_cxx_compiler_gnu=yes
ac_cv_env_CCC_set=
ac_cv_env_CCC_value=
ac_cv_env_CC_set=
ac_cv_env_CC_value=
ac_cv_env_CFLAGS_set=
ac_cv_env_CFLAGS_value=
ac_cv_env_CPPFLAGS_set=
ac_cv_env_CPPFLAGS_value=
ac_cv_env_CPP_set=
ac_cv_env_CPP_value=
ac_cv_env_CXXCPP_set=
ac_cv_env_CXXCPP_value=
ac_cv_env_CXXFLAGS_set=
ac_cv_env_CXXFLAGS_value=
ac_cv_env_CXX_set=
ac_cv_env_CXX_value=
ac_cv_env_F77_set=
ac_cv_env_F77_value=
ac_cv_env_FFLAGS_set=
ac_cv_env_FFLAGS_value=
ac_cv_env_LDFLAGS_set=
ac_cv_env_LDFLAGS_value=
ac_cv_env_LIBS_set=
ac_cv_env_LIBS_value=
ac_cv_env_build_alias_set=
ac_cv_env_build_alias_value=
ac_cv_env_host_alias_set=
ac_cv_env_host_alias_value=
ac_cv_env_target_alias_set=
ac_cv_env_target_alias_value=
ac_cv_f77_compiler_gnu=no
ac_cv_header_dlfcn_h=yes
ac_cv_header_inttypes_h=yes
ac_cv_header_memory_h=yes
ac_cv_header_stdc=yes
ac_cv_header_stdint_h=yes
ac_cv_header_stdlib_h=yes
ac_cv_header_string_h=yes
ac_cv_header_strings_h=yes
ac_cv_header_sys_stat_h=yes
ac_cv_header_sys_types_h=yes
ac_cv_header_unistd_h=yes
ac_cv_host=x86_64-unknown-linux-gnu
ac_cv_objext=o
ac_cv_path_EGREP='/bin/grep -E'
ac_cv_path_GREP=/bin/grep
ac_cv_path_PERL_PATH=/usr/bin/perl
ac_cv_path_install='/usr/bin/install -c'
ac_cv_path_mkdir=/bin/mkdir
ac_cv_prog_AWK=gawk
ac_cv_prog_CPP='gcc -E'
ac_cv_prog_CXXCPP='g++ -E'
ac_cv_prog_M4=m4
ac_cv_prog_ac_ct_AR=ar
ac_cv_prog_ac_ct_CC=gcc
ac_cv_prog_ac_ct_CXX=g++
ac_cv_prog_ac_ct_RANLIB=ranlib
ac_cv_prog_ac_ct_STRIP=strip
ac_cv_prog_cc_c89=
ac_cv_prog_cc_g=yes
ac_cv_prog_cxx_g=yes
ac_cv_prog_f77_g=no
ac_cv_prog_make_make_set=yes
am_cv_CC_dependencies_compiler_type=gcc3
am_cv_CXX_dependencies_compiler_type=gcc3
am_cv_prog_tar_ustar=gnutar
lt_cv_deplibs_check_method=pass_all
lt_cv_file_magic_cmd='$MAGIC_CMD'
lt_cv_file_magic_test_file=
lt_cv_ld_reload_flag=-r
lt_cv_objdir=.libs
lt_cv_path_LD=/usr/bin/ld
lt_cv_path_LDCXX='/usr/bin/ld -m elf_x86_64'
lt_cv_path_NM='/usr/bin/nm -B'
lt_cv_path_SED=/bin/sed
lt_cv_prog_compiler_c_o=yes
lt_cv_prog_compiler_c_o_CXX=yes
lt_cv_prog_compiler_pic_works=yes
lt_cv_prog_compiler_pic_works_CXX=yes
lt_cv_prog_compiler_rtti_exceptions=no
lt_cv_prog_compiler_static_works=yes
lt_cv_prog_compiler_static_works_CXX=yes
lt_cv_prog_gnu_ld=yes
lt_cv_prog_gnu_ldcxx=yes
lt_cv_sys_global_symbol_pipe='sed -n -e '\''s/^.*[ 	]\([ABCDGIRSTW][ABCDGIRSTW]*\)[ 	][ 	]*\([_A-Za-z][_A-Za-z0-9]*\)$/\1 \2 \2/p'\'''
lt_cv_sys_global_symbol_to_c_name_address='sed -n -e '\''s/^: \([^ ]*\) $/  {\"\1\", (lt_ptr) 0},/p'\'' -e '\''s/^[BCDEGRST] \([^ ]*\) \([^ ]*\)$/  {"\2", (lt_ptr) \&\2},/p'\'''
lt_cv_sys_global_symbol_to_cdecl='sed -n -e '\''s/^. .* \(.*\)$/extern int \1;/p'\'''
lt_cv_sys_lib_dlsearch_path_spec='/usr/lib64 /lib64 /usr/lib/atlas /usr/lib32/alsa-lib /usr/lib/alsa-lib /usr/local/lib /lib/x86_64-linux-gnu /usr/lib/x86_64-linux-gnu '
lt_cv_sys_lib_search_path_spec='/usr/lib64 /lib64 /usr/local/lib64'
lt_cv_sys_max_cmd_len=1572864
lt_lt_cv_prog_compiler_c_o='"yes"'
lt_lt_cv_prog_compiler_c_o_CXX='"yes"'
lt_lt_cv_sys_global_symbol_pipe='"sed -n -e '\''s/^.*[ 	]\\([ABCDGIRSTW][ABCDGIRSTW]*\\)[ 	][ 	]*\\([_A-Za-z][_A-Za-z0-9]*\\)\$/\\1 \\2 \\2/p'\''"'
lt_lt_cv_sys_global_symbol_to_c_name_address='"sed -n -e '\''s/^: \\([^ ]*\\) \$/  {\\\"\\1\\\", (lt_ptr) 0},/p'\'' -e '\''s/^[BCDEGRST] \\([^ ]*\\) \\([^ ]*\\)\$/  {\"\\2\", (lt_ptr) \\&\\2},/p'\''"'
lt_lt_cv_sys_global_symbol_to_cdecl='"sed -n -e '\''s/^. .* \\(.*\\)\$/extern int \\1;/p'\''"'
sigc_cv_cxx_has_namespace_std=yes
sigc_cv_cxx_has_sun_reverse_iterator=no

## ----------------- ##
## Output variables. ##
## ----------------- ##

ACLOCAL='${SHELL} /home/tob/coding/dsdev/tob/tobkit/libsigc++-2.2.3/missing --run aclocal-1.10'
AMDEPBACKSLASH='\'
AMDEP_FALSE='#'
AMDEP_TRUE=''
AMTAR='${SHELL} /home/tob/coding/dsdev/tob/tobkit/libsigc++-2.2.3/missing --run tar'
AR='ar'
AS='as'
AUTOCONF='${SHELL} /home/tob/coding/dsdev/tob/tobkit/libsigc++-2.2.3/missing --run autoconf'
AUTOHEADER=':'
AUTOMAKE='${SHELL} /home/tob/coding/dsdev/tob/tobkit/libsigc++-2.2.3/missing --run automake-1.10'
AWK='gawk'
CC='gcc'
CCDEPMODE='depmode=gcc3'
CFLAGS='-g -O2'
CPP='gcc -E'
CPPFLAGS=''
CXX='g++'
CXXCPP='g++ -E'
CXXDEPMODE='depmode=gcc3'
CXXFLAGS='-g -O2'
CYGPATH_W='echo'
DEFS='-DHAVE_CONFIG_H'
DEPDIR='.deps'
DLLTOOL='dlltool'
DSYMUTIL=''
ECHO='echo'
ECHO_C=''
ECHO_N='-n'
ECHO_T=''
EGREP='/bin/grep -E'
EXEEXT=''
F77=''
FFLAGS=''
FP_MAJOR_VERSION='2'
FP_MICRO_VERSION='3'
FP_MINOR_VERSION='2'
FP_RELEASE='2.2'
FP_VERSION='2.2.3'
GREP='/bin/grep'
INSTALL_DATA='${INSTALL} -m 644'
INSTALL_PROGRAM='${INSTALL}'
INSTALL_SCRIPT='${INSTALL}'
INSTALL_STRIP_PROGRAM='$(install_sh) -c -s'
LDFLAGS=''
LIBOBJS=''
LIBS=''
LIBTOOL='$(SHELL) $(top_builddir)/libtool'
LN_S='ln -s'
LTLIBOBJS=''
M4='m4'
MAINT='#'
MAINTAINER_MODE_FALSE=''
MAINTAINER_MODE_TRUE='#'
MAKEINFO='${SHELL} /home/tob/coding/dsdev/tob/tobkit/libsigc++-2.2.3/missing --run makeinfo'
MKDIR_P='/bin/mkdir -p'
NMEDIT=''
OBJDUMP='objdump'
OBJEXT='o'
PACKAGE='libsigc++'
PACKAGE_BUGREPORT='libsigc-list@gnome.org'
PACKAGE_NAME='libsigc++'
PACKAGE_STRING='libsigc++ 2.2.3'
PACKAGE_TARNAME='libsigc++'
PACKAGE_VERSION='2.2.3'
PATH_SEPARATOR=':'
PERL_PATH='/usr/bin/perl'
PLATFORM_WIN32_FALSE=''
PLATFORM_WIN32_TRUE='#'
RANLIB='ranlib'
SED='/bin/sed'
SET_MAKE=''
SHELL='/bin/bash'
STRIP='strip'
VERSION='2.2.3'
ac_ct_CC='gcc'
ac_ct_CXX='g++'
ac_ct_F77=''
am__fastdepCC_FALSE='#'
am__fastdepCC_TRUE=''
am__fastdepCXX_FALSE='#'
am__fastdepCXX_TRUE=''
am__include='include'
am__isrc=''
am__leading_dot='.'
am__quote=''
am__tar='tar --format=ustar -chf - "$$tardir"'
am__untar='tar -xf -'
bindir='${exec_prefix}/bin'
build='x86_64-unknown-linux-gnu'
build_alias=''
build_cpu='x86_64'
build_os='linux-gnu'
build_vendor='unknown'
datadir='${datarootdir}'
datarootdir='${prefix}/share'
docdir='${datarootdir}/doc/${PACKAGE_TARNAME}'
dvidir='${docdir}'
exec_prefix='${prefix}'
host='x86_64-unknown-linux-gnu'
host_alias=''
host_cpu='x86_64'
host_os='linux-gnu'
host_vendor='unknown'
htmldir='${docdir}'
includedir='${prefix}/include'
infodir='${datarootdir}/info'
install_sh='$(SHELL) /home/tob/coding/dsdev/tob/tobkit/libsigc++-2.2.3/install-sh'
libdir='${exec_prefix}/lib'
libexecdir='${exec_prefix}/libexec'
localedir='${datarootdir}/locale'
localstatedir='${prefix}/var'
mandir='${datarootdir}/man'
mkdir_p='/bin/mkdir -p'
oldincludedir='/usr/include'
pdfdir='${docdir}'
prefix='/opt/devkitpro/libsigc++-2.2.3'
program_transform_name='s,x,x,'
psdir='${docdir}'
sbindir='${exec_prefix}/sbin'
sharedstatedir='${prefix}/com'
sysconfdir='${prefix}/etc'
target_alias=''

## ----------- ##
## confdefs.h. ##
## ----------- ##

#define PACKAGE_NAME "libsigc++"
#define PACKAGE_TARNAME "libsigc++"
#define PACKAGE_VERSION "2.2.3"
#define PACKAGE_STRING "libsigc++ 2.2.3"
#define PACKAGE_BUGREPORT "libsigc-list@gnome.org"
#define FP_MAJOR_VERSION 2
#define FP_MINOR_VERSION 2
#define FP_MICRO_VERSION 3
#define PACKAGE "libsigc++"
#define VERSION "2.2.3"
#define STDC_HEADERS 1
#define HAVE_SYS_TYPES_H 1
#define HAVE_SYS_STAT_H 1
#define HAVE_STDLIB_H 1
#define HAVE_STRING_H 1
#define HAVE_MEMORY_H 1
#define HAVE_STRINGS_H 1
#define HAVE_INTTYPES_H 1
#define HAVE_STDINT_H 1
#define HAVE_UNISTD_H 1
#define HAVE_DLFCN_H 1
#define SIGC_GCC_TEMPLATE_SPECIALIZATION_OPERATOR_OVERLOAD 1
#define SIGC_MSVC_TEMPLATE_SPECIALIZATION_OPERATOR_OVERLOAD 1
#define SIGC_SELF_REFERENCE_IN_MEMBER_INITIALIZATION 1
#define SIGC_HAVE_NAMESPACE_STD 1

configure: exit 0
